<?xml version="1.0" encoding="UTF-8"?>
<!-- Generated by org.testng.reporters.JUnitReportReporter -->
<testsuite hostname="LAPTOP-RTCFK094" name="locatorinselenium.locatorinselenium" tests="1" failures="0" timestamp="11 Apr 2022 05:30:32 GMT" time="13.397" errors="0">
  <testcase name="IDDemo" time="13.397" classname="locatorinselenium.locatorinselenium"/>
</testsuite> <!-- locatorinselenium.locatorinselenium -->
